2025-09-30 17:55:55 | INFO | nse_data_fetcher:__init__:63 | NSE Data Fetcher initialized
2025-09-30 17:55:55 | INFO | __main__:__init__:148 | NSE Finance API client initialized
2025-09-30 17:55:55 | INFO | __main__:__init__:222 | NIFTY Options Chain generator initialized
2025-09-30 17:55:55 | INFO | __main__:generate_options_chain:272 | Generating NIFTY options chain with NSE data
2025-09-30 17:55:55 | INFO | __main__:get_nifty_price:153 | Fetching NIFTY price from NSE India
2025-09-30 17:55:55 | INFO | nse_data_fetcher:get_nifty_spot_price:162 | Fetching NIFTY 50 spot price from NSE
2025-09-30 17:55:55 | INFO | nse_data_fetcher:_refresh_cookies:78 | Refreshing NSE session cookies
2025-09-30 17:55:55 | ERROR | nse_data_fetcher:_refresh_cookies:98 | Error refreshing cookies: HTTPSConnectionPool(host='www.nseindia.com', port=443): Max retries exceeded with url: /option-chain (Caused by NameResolutionError("<urllib3.connection.HTTPSConnection object at 0x7fb9657147d0>: Failed to resolve 'www.nseindia.com' ([Errno -5] No address associated with hostname)"))
2025-09-30 17:55:55 | WARNING | nse_data_fetcher:_make_request:116 | Failed to refresh cookies, attempting request anyway
2025-09-30 17:55:55 | ERROR | nse_data_fetcher:_make_request:145 | Request error: HTTPSConnectionPool(host='www.nseindia.com', port=443): Max retries exceeded with url: /api/allIndices (Caused by NameResolutionError("<urllib3.connection.HTTPSConnection object at 0x7fb9655513d0>: Failed to resolve 'www.nseindia.com' ([Errno -5] No address associated with hostname)"))
2025-09-30 17:55:55 | INFO | nse_data_fetcher:_refresh_cookies:78 | Refreshing NSE session cookies
2025-09-30 17:55:55 | ERROR | nse_data_fetcher:_refresh_cookies:98 | Error refreshing cookies: HTTPSConnectionPool(host='www.nseindia.com', port=443): Max retries exceeded with url: /option-chain (Caused by NameResolutionError("<urllib3.connection.HTTPSConnection object at 0x7fb965552270>: Failed to resolve 'www.nseindia.com' ([Errno -5] No address associated with hostname)"))
2025-09-30 17:55:55 | WARNING | nse_data_fetcher:_make_request:116 | Failed to refresh cookies, attempting request anyway
2025-09-30 17:55:57 | ERROR | nse_data_fetcher:_make_request:145 | Request error: HTTPSConnectionPool(host='www.nseindia.com', port=443): Max retries exceeded with url: /api/allIndices (Caused by NameResolutionError("<urllib3.connection.HTTPSConnection object at 0x7fb9655525d0>: Failed to resolve 'www.nseindia.com' ([Errno -5] No address associated with hostname)"))
2025-09-30 17:55:57 | INFO | nse_data_fetcher:_refresh_cookies:78 | Refreshing NSE session cookies
2025-09-30 17:55:57 | ERROR | nse_data_fetcher:_refresh_cookies:98 | Error refreshing cookies: HTTPSConnectionPool(host='www.nseindia.com', port=443): Max retries exceeded with url: /option-chain (Caused by NameResolutionError("<urllib3.connection.HTTPSConnection object at 0x7fb965552990>: Failed to resolve 'www.nseindia.com' ([Errno -5] No address associated with hostname)"))
2025-09-30 17:55:57 | WARNING | nse_data_fetcher:_make_request:116 | Failed to refresh cookies, attempting request anyway
2025-09-30 17:56:01 | ERROR | nse_data_fetcher:_make_request:145 | Request error: HTTPSConnectionPool(host='www.nseindia.com', port=443): Max retries exceeded with url: /api/allIndices (Caused by NameResolutionError("<urllib3.connection.HTTPSConnection object at 0x7fb965552d50>: Failed to resolve 'www.nseindia.com' ([Errno -5] No address associated with hostname)"))
2025-09-30 17:56:01 | ERROR | nse_data_fetcher:_make_request:151 | Failed to fetch data after 3 attempts
2025-09-30 17:56:01 | ERROR | nse_data_fetcher:get_nifty_spot_price:176 | Invalid response format from NSE
2025-09-30 17:56:01 | WARNING | __main__:get_nifty_price:161 | Could not fetch live price, using fallback
2025-09-30 17:56:01 | INFO | __main__:get_next_expiry:260 | Next expiry date: 2025-09-25
2025-09-30 17:56:01 | INFO | __main__:calculate_historical_volatility:188 | Calculating 30-day historical volatility
2025-09-30 17:56:01 | INFO | nse_data_fetcher:calculate_historical_volatility:335 | Calculating historical volatility for 30 days
2025-09-30 17:56:01 | INFO | nse_data_fetcher:get_options_chain:195 | Fetching options chain for NIFTY
2025-09-30 17:56:01 | INFO | nse_data_fetcher:_refresh_cookies:78 | Refreshing NSE session cookies
2025-09-30 17:56:01 | ERROR | nse_data_fetcher:_refresh_cookies:98 | Error refreshing cookies: HTTPSConnectionPool(host='www.nseindia.com', port=443): Max retries exceeded with url: /option-chain (Caused by NameResolutionError("<urllib3.connection.HTTPSConnection object at 0x7fb965717cb0>: Failed to resolve 'www.nseindia.com' ([Errno -5] No address associated with hostname)"))
2025-09-30 17:56:01 | WARNING | nse_data_fetcher:_make_request:116 | Failed to refresh cookies, attempting request anyway
2025-09-30 17:56:01 | ERROR | nse_data_fetcher:_make_request:145 | Request error: HTTPSConnectionPool(host='www.nseindia.com', port=443): Max retries exceeded with url: /api/option-chain-indices?symbol=NIFTY (Caused by NameResolutionError("<urllib3.connection.HTTPSConnection object at 0x7fb965552de0>: Failed to resolve 'www.nseindia.com' ([Errno -5] No address associated with hostname)"))
2025-09-30 17:56:01 | INFO | nse_data_fetcher:_refresh_cookies:78 | Refreshing NSE session cookies
2025-09-30 17:56:01 | ERROR | nse_data_fetcher:_refresh_cookies:98 | Error refreshing cookies: HTTPSConnectionPool(host='www.nseindia.com', port=443): Max retries exceeded with url: /option-chain (Caused by NameResolutionError("<urllib3.connection.HTTPSConnection object at 0x7fb965552720>: Failed to resolve 'www.nseindia.com' ([Errno -5] No address associated with hostname)"))
2025-09-30 17:56:01 | WARNING | nse_data_fetcher:_make_request:116 | Failed to refresh cookies, attempting request anyway
2025-09-30 17:56:03 | ERROR | nse_data_fetcher:_make_request:145 | Request error: HTTPSConnectionPool(host='www.nseindia.com', port=443): Max retries exceeded with url: /api/option-chain-indices?symbol=NIFTY (Caused by NameResolutionError("<urllib3.connection.HTTPSConnection object at 0x7fb965552030>: Failed to resolve 'www.nseindia.com' ([Errno -5] No address associated with hostname)"))
2025-09-30 17:56:03 | INFO | nse_data_fetcher:_refresh_cookies:78 | Refreshing NSE session cookies
2025-09-30 17:56:03 | ERROR | nse_data_fetcher:_refresh_cookies:98 | Error refreshing cookies: HTTPSConnectionPool(host='www.nseindia.com', port=443): Max retries exceeded with url: /option-chain (Caused by NameResolutionError("<urllib3.connection.HTTPSConnection object at 0x7fb965551ee0>: Failed to resolve 'www.nseindia.com' ([Errno -5] No address associated with hostname)"))
2025-09-30 17:56:03 | WARNING | nse_data_fetcher:_make_request:116 | Failed to refresh cookies, attempting request anyway
2025-09-30 17:56:07 | ERROR | nse_data_fetcher:_make_request:145 | Request error: HTTPSConnectionPool(host='www.nseindia.com', port=443): Max retries exceeded with url: /api/option-chain-indices?symbol=NIFTY (Caused by NameResolutionError("<urllib3.connection.HTTPSConnection object at 0x7fb9655531a0>: Failed to resolve 'www.nseindia.com' ([Errno -5] No address associated with hostname)"))
2025-09-30 17:56:07 | ERROR | nse_data_fetcher:_make_request:151 | Failed to fetch data after 3 attempts
2025-09-30 17:56:07 | ERROR | nse_data_fetcher:get_options_chain:205 | Invalid options chain response format
2025-09-30 17:56:07 | WARNING | nse_data_fetcher:calculate_historical_volatility:341 | Using default volatility: 15%
2025-09-30 17:56:07 | SUCCESS | __main__:calculate_historical_volatility:191 | Calculated volatility: 15.00%
2025-09-30 17:56:07 | INFO | __main__:get_options_chain_data:201 | Fetching options chain for NIFTY from NSE
2025-09-30 17:56:07 | INFO | nse_data_fetcher:get_options_chain:195 | Fetching options chain for NIFTY
2025-09-30 17:56:07 | INFO | nse_data_fetcher:_refresh_cookies:78 | Refreshing NSE session cookies
2025-09-30 17:56:07 | ERROR | nse_data_fetcher:_refresh_cookies:98 | Error refreshing cookies: HTTPSConnectionPool(host='www.nseindia.com', port=443): Max retries exceeded with url: /option-chain (Caused by NameResolutionError("<urllib3.connection.HTTPSConnection object at 0x7fb965553350>: Failed to resolve 'www.nseindia.com' ([Errno -5] No address associated with hostname)"))
2025-09-30 17:56:07 | WARNING | nse_data_fetcher:_make_request:116 | Failed to refresh cookies, attempting request anyway
2025-09-30 17:56:07 | ERROR | nse_data_fetcher:_make_request:145 | Request error: HTTPSConnectionPool(host='www.nseindia.com', port=443): Max retries exceeded with url: /api/option-chain-indices?symbol=NIFTY (Caused by NameResolutionError("<urllib3.connection.HTTPSConnection object at 0x7fb965553710>: Failed to resolve 'www.nseindia.com' ([Errno -5] No address associated with hostname)"))
2025-09-30 17:56:07 | INFO | nse_data_fetcher:_refresh_cookies:78 | Refreshing NSE session cookies
2025-09-30 17:56:07 | ERROR | nse_data_fetcher:_refresh_cookies:98 | Error refreshing cookies: HTTPSConnectionPool(host='www.nseindia.com', port=443): Max retries exceeded with url: /option-chain (Caused by NameResolutionError("<urllib3.connection.HTTPSConnection object at 0x7fb965553ad0>: Failed to resolve 'www.nseindia.com' ([Errno -5] No address associated with hostname)"))
2025-09-30 17:56:07 | WARNING | nse_data_fetcher:_make_request:116 | Failed to refresh cookies, attempting request anyway
2025-09-30 17:56:09 | ERROR | nse_data_fetcher:_make_request:145 | Request error: HTTPSConnectionPool(host='www.nseindia.com', port=443): Max retries exceeded with url: /api/option-chain-indices?symbol=NIFTY (Caused by NameResolutionError("<urllib3.connection.HTTPSConnection object at 0x7fb965553e90>: Failed to resolve 'www.nseindia.com' ([Errno -5] No address associated with hostname)"))
2025-09-30 17:56:09 | INFO | nse_data_fetcher:_refresh_cookies:78 | Refreshing NSE session cookies
2025-09-30 17:56:09 | ERROR | nse_data_fetcher:_refresh_cookies:98 | Error refreshing cookies: HTTPSConnectionPool(host='www.nseindia.com', port=443): Max retries exceeded with url: /option-chain (Caused by NameResolutionError("<urllib3.connection.HTTPSConnection object at 0x7fb965588290>: Failed to resolve 'www.nseindia.com' ([Errno -5] No address associated with hostname)"))
2025-09-30 17:56:09 | WARNING | nse_data_fetcher:_make_request:116 | Failed to refresh cookies, attempting request anyway
2025-09-30 17:56:13 | ERROR | nse_data_fetcher:_make_request:145 | Request error: HTTPSConnectionPool(host='www.nseindia.com', port=443): Max retries exceeded with url: /api/option-chain-indices?symbol=NIFTY (Caused by NameResolutionError("<urllib3.connection.HTTPSConnection object at 0x7fb965553d40>: Failed to resolve 'www.nseindia.com' ([Errno -5] No address associated with hostname)"))
2025-09-30 17:56:13 | ERROR | nse_data_fetcher:_make_request:151 | Failed to fetch data after 3 attempts
2025-09-30 17:56:13 | ERROR | nse_data_fetcher:get_options_chain:205 | Invalid options chain response format
2025-09-30 17:56:13 | WARNING | __main__:get_options_chain_data:208 | Options chain not available
2025-09-30 17:56:13 | INFO | __main__:generate_options_chain:355 | Generating synthetic options chain
2025-09-30 17:56:13 | SUCCESS | __main__:generate_options_chain:436 | Generated synthetic options chain with 62 options
